Clock: core_clock
Sources: clk 
Generated: no
Virtual: yes
Propagated: no
Period: 3.000000

===========================================================================
report_clock_properties
============================================================================
Clock                   Period          Waveform
----------------------------------------------------
core_clock            3.000000    0.000000  1.500000

===========================================================================
report_clock_latency
============================================================================
Clock core_clock
rise -> rise
    min     max
0.000000 0.000000 source latency
0.540004         network latency _424_/CLK
        0.549530 network latency _397_/CLK
---------------
0.540004 0.549530 latency
        0.009526 skew

fall -> fall
    min     max
0.000000 0.000000 source latency
0.564005         network latency _424_/CLK
        0.572110 network latency _397_/CLK
---------------
0.564005 0.572110 latency
        0.008105 skew



===========================================================================
report_clock_min_period
============================================================================
core_clock period_min = 2.80 fmax = 357.33
