[WARNING ORD-0039] .openroad ignored with -python
Unannotated report:
['report_parasitic_annotation -report_unannotated\n',
 '============================================================================\n',
 'Found 21 unannotated drivers.\n',
 ' Pin_Change_Mask[0]\n',
 ' Pin_Change_Mask[10]\n',
 ' Pin_Change_Mask[11]\n',
 ' Pin_Change_Mask[12]\n',
 ' Pin_Change_Mask[13]\n',
 ' Pin_Change_Mask[1]\n',
 ' Pin_Change_Mask[2]\n',
 ' Pin_Change_Mask[3]\n',
 ' Pin_Change_Mask[4]\n',
 ' Pin_Change_Mask[5]\n',
 ' Pin_Change_Mask[6]\n',
 ' Pin_Change_Mask[7]\n',
 ' Pin_Change_Mask[8]\n',
 ' Pin_Change_Mask[9]\n',
 ' clkload0/Y\n',
 ' clkload1/X\n',
 ' clkload2/Y\n',
 ' clkload3/Y\n',
 ' clkload4/X\n',
 ' clkload5/Y\n',
 ' clkload6/X\n',
 'Found 0 partially unannotated drivers.\n',
 '\n']
Reported nets:
['Pin_Change_Mask[0]',
 'Pin_Change_Mask[10]',
 'Pin_Change_Mask[11]',
 'Pin_Change_Mask[12]',
 'Pin_Change_Mask[13]',
 'Pin_Change_Mask[1]',
 'Pin_Change_Mask[2]',
 'Pin_Change_Mask[3]',
 'Pin_Change_Mask[4]',
 'Pin_Change_Mask[5]',
 'Pin_Change_Mask[6]',
 'Pin_Change_Mask[7]',
 'Pin_Change_Mask[8]',
 'Pin_Change_Mask[9]',
 'clkload0/Y',
 'clkload1/X',
 'clkload2/Y',
 'clkload3/Y',
 'clkload4/X',
 'clkload5/Y',
 'clkload6/X']
Filtered nets:
[]
done
