Clock: core_clock
Sources: clk 
Generated: no
Virtual: yes
Propagated: no
Period: 3.000000

===========================================================================
report_clock_properties
============================================================================
Clock                   Period          Waveform
----------------------------------------------------
core_clock            3.000000    0.000000  1.500000

===========================================================================
report_clock_latency
============================================================================
Clock core_clock
rise -> rise
    min     max
0.000000 0.000000 source latency
0.318055         network latency _424_/CLK
        0.325920 network latency _397_/CLK
---------------
0.318055 0.325920 latency
        0.007865 skew

fall -> fall
    min     max
0.000000 0.000000 source latency
0.328225         network latency _424_/CLK
        0.334675 network latency _397_/CLK
---------------
0.328225 0.334675 latency
        0.006450 skew



===========================================================================
report_clock_min_period
============================================================================
core_clock period_min = 1.37 fmax = 729.15
