Clock: core_clock
Sources: clk 
Generated: no
Virtual: yes
Propagated: no
Period: 3.000000

===========================================================================
report_clock_properties
============================================================================
Clock                   Period          Waveform
----------------------------------------------------
core_clock            3.000000    0.000000  1.500000

===========================================================================
report_clock_latency
============================================================================
Clock core_clock
rise -> rise
    min     max
0.000000 0.000000 source latency
0.545806         network latency _424_/CLK
        0.557634 network latency _397_/CLK
---------------
0.545806 0.557634 latency
        0.011828 skew

fall -> fall
    min     max
0.000000 0.000000 source latency
0.568816         network latency _424_/CLK
        0.578958 network latency _397_/CLK
---------------
0.568816 0.578958 latency
        0.010142 skew



===========================================================================
report_clock_min_period
============================================================================
core_clock period_min = 2.82 fmax = 354.49
