
===========================================================================
report_checks -unconstrained
===========================================================================
======================= nom_ff_n40C_1v95 Corner ===================================

Startpoint: _392_ (rising edge-triggered flip-flop clocked by core_clock)
Endpoint: _398_ (rising edge-triggered flip-flop clocked by core_clock)
Path Group: core_clock
Path Type: max

Fanout         Cap        Slew       Delay        Time   Description
---------------------------------------------------------------------------------------------
                                  0.000000    0.000000   clock core_clock (rise edge)
                                  0.000000    0.000000   clock source latency
     1    0.017507    0.000000    0.000000    0.000000 ^ clk (in)
                                                         clk (net)
                      0.001265    0.000633    0.000633 ^ clkbuf_0_clk/A (sky130_fd_sc_hd__clkbuf_16)
     8    0.081056    0.074717    0.110651    0.111284 ^ clkbuf_0_clk/X (sky130_fd_sc_hd__clkbuf_16)
                                                         clknet_0_clk (net)
                      0.074781    0.001754    0.113038 ^ clkbuf_3_6__f_clk/A (sky130_fd_sc_hd__clkbuf_16)
     9    0.033388    0.040823    0.105353    0.218391 ^ clkbuf_3_6__f_clk/X (sky130_fd_sc_hd__clkbuf_16)
                                                         clknet_3_6__leaf_clk (net)
                      0.040827    0.000697    0.219088 ^ _392_/CLK (sky130_fd_sc_hd__dfrtp_4)
    16    0.057716    0.095018    0.357446    0.576534 v _392_/Q (sky130_fd_sc_hd__dfrtp_4)
                                                         gpio_instance_14.enable_reg (net)
                      0.095048    0.001625    0.578159 v _309_/A_N (sky130_fd_sc_hd__nand2b_1)
     1    0.003998    0.032009    0.114200    0.692358 v _309_/Y (sky130_fd_sc_hd__nand2b_1)
                                                         _178_ (net)
                      0.032009    0.000079    0.692438 v _500_/TE_B (sky130_fd_sc_hd__ebufn_2)
     5    0.019937    0.172914    0.151881    0.844318 ^ _500_/Z (sky130_fd_sc_hd__ebufn_2)
                                                         PIN_DATA[14] (net)
                      0.172915    0.000676    0.844994 ^ _289_/B1_N (sky130_fd_sc_hd__a21boi_1)
     1    0.003021    0.078555    0.088038    0.933032 ^ _289_/Y (sky130_fd_sc_hd__a21boi_1)
                                                         _173_ (net)
                      0.078555    0.000088    0.933120 ^ _292_/B1 (sky130_fd_sc_hd__o22ai_1)
     1    0.002385    0.046121    0.037421    0.970541 v _292_/Y (sky130_fd_sc_hd__o22ai_1)
                                                         _120_ (net)
                      0.046121    0.000047    0.970588 v _398_/D (sky130_fd_sc_hd__dfrtp_1)
                                              0.970588   data arrival time

                                  3.000000    3.000000   clock core_clock (rise edge)
                                  0.000000    3.000000   clock source latency
     1    0.017507    0.000000    0.000000    3.000000 ^ clk (in)
                                                         clk (net)
                      0.001265    0.000633    3.000633 ^ clkbuf_0_clk/A (sky130_fd_sc_hd__clkbuf_16)
     8    0.081056    0.074717    0.110651    3.111284 ^ clkbuf_0_clk/X (sky130_fd_sc_hd__clkbuf_16)
                                                         clknet_0_clk (net)
                      0.074796    0.001948    3.113232 ^ clkbuf_3_1__f_clk/A (sky130_fd_sc_hd__clkbuf_16)
     9    0.033048    0.040622    0.105243    3.218476 ^ clkbuf_3_1__f_clk/X (sky130_fd_sc_hd__clkbuf_16)
                                                         clknet_3_1__leaf_clk (net)
                      0.040624    0.000555    3.219030 ^ _398_/CLK (sky130_fd_sc_hd__dfrtp_1)
                                  0.000000    3.219030   clock reconvergence pessimism
                                 -0.076656    3.142375   library setup time
                                              3.142375   data required time
---------------------------------------------------------------------------------------------
                                              3.142375   data required time
                                             -0.970588   data arrival time
---------------------------------------------------------------------------------------------
                                              2.171787   slack (MET)




===========================================================================
report_checks --slack_max -0.01
============================================================================
======================= nom_ff_n40C_1v95 Corner ===================================

No paths found.


===========================================================================
 report_check_types -max_slew -max_cap -max_fanout -violators
============================================================================
======================= nom_ff_n40C_1v95 Corner ===================================



===========================================================================
report_parasitic_annotation -report_unannotated
============================================================================
Found 21 unannotated drivers.
 Pin_Change_Mask[0]
 Pin_Change_Mask[10]
 Pin_Change_Mask[11]
 Pin_Change_Mask[12]
 Pin_Change_Mask[13]
 Pin_Change_Mask[1]
 Pin_Change_Mask[2]
 Pin_Change_Mask[3]
 Pin_Change_Mask[4]
 Pin_Change_Mask[5]
 Pin_Change_Mask[6]
 Pin_Change_Mask[7]
 Pin_Change_Mask[8]
 Pin_Change_Mask[9]
 clkload0/Y
 clkload1/X
 clkload2/Y
 clkload3/Y
 clkload4/X
 clkload5/Y
 clkload6/X
Found 0 partially unannotated drivers.

===========================================================================
max slew violation count 0
max fanout violation count 0
max cap violation count 0
============================================================================

===========================================================================
check_setup -verbose -unconstrained_endpoints -multiple_clock -no_clock -no_input_delay -loops -generated_clocks
===========================================================================
Warning: There are 68 input ports missing set_input_delay.
  Data_out[0]
  Data_out[10]
  Data_out[11]
  Data_out[12]
  Data_out[13]
  Data_out[14]
  Data_out[15]
  Data_out[1]
  Data_out[2]
  Data_out[3]
  Data_out[4]
  Data_out[5]
  Data_out[6]
  Data_out[7]
  Data_out[8]
  Data_out[9]
  Enable
  Function[0]
  Function[10]
  Function[11]
  Function[12]
  Function[13]
  Function[14]
  Function[15]
  Function[1]
  Function[2]
  Function[3]
  Function[4]
  Function[5]
  Function[6]
  Function[7]
  Function[8]
  Function[9]
  Int_Mask[0]
  Int_Mask[1]
  PIN_DATA[0]
  PIN_DATA[10]
  PIN_DATA[11]
  PIN_DATA[12]
  PIN_DATA[13]
  PIN_DATA[14]
  PIN_DATA[15]
  PIN_DATA[1]
  PIN_DATA[2]
  PIN_DATA[3]
  PIN_DATA[4]
  PIN_DATA[5]
  PIN_DATA[6]
  PIN_DATA[7]
  PIN_DATA[8]
  PIN_DATA[9]
  Pin_Change_Mask[0]
  Pin_Change_Mask[10]
  Pin_Change_Mask[11]
  Pin_Change_Mask[12]
  Pin_Change_Mask[13]
  Pin_Change_Mask[14]
  Pin_Change_Mask[15]
  Pin_Change_Mask[1]
  Pin_Change_Mask[2]
  Pin_Change_Mask[3]
  Pin_Change_Mask[4]
  Pin_Change_Mask[5]
  Pin_Change_Mask[6]
  Pin_Change_Mask[7]
  Pin_Change_Mask[8]
  Pin_Change_Mask[9]
  reset
Warning: There are 88 unconstrained endpoints.
  Data_in[0]
  Data_in[10]
  Data_in[11]
  Data_in[12]
  Data_in[13]
  Data_in[14]
  Data_in[15]
  Data_in[1]
  Data_in[2]
  Data_in[3]
  Data_in[4]
  Data_in[5]
  Data_in[6]
  Data_in[7]
  Data_in[8]
  Data_in[9]
  IRQ_INT[0]
  IRQ_INT[1]
  IRQ_PIN_CHANGE
  PIN_DATA[0]
  PIN_DATA[10]
  PIN_DATA[11]
  PIN_DATA[12]
  PIN_DATA[13]
  PIN_DATA[14]
  PIN_DATA[15]
  PIN_DATA[1]
  PIN_DATA[2]
  PIN_DATA[3]
  PIN_DATA[4]
  PIN_DATA[5]
  PIN_DATA[6]
  PIN_DATA[7]
  PIN_DATA[8]
  PIN_DATA[9]
  Pin_out[0]
  Pin_out[10]
  Pin_out[11]
  Pin_out[12]
  Pin_out[13]
  Pin_out[14]
  Pin_out[15]
  Pin_out[1]
  Pin_out[2]
  Pin_out[3]
  Pin_out[4]
  Pin_out[5]
  Pin_out[6]
  Pin_out[7]
  Pin_out[8]
  Pin_out[9]
  _392_/D
  _394_/D
  _395_/D
  _397_/D
  _399_/D
  _400_/D
  _403_/D
  _404_/D
  _407_/D
  _410_/D
  _411_/D
  _413_/D
  _414_/D
  _417_/D
  _418_/D
  _421_/D
  _422_/D
  _425_/D
  _426_/D
  _429_/D
  _430_/D
  _433_/D
  _434_/D
  _437_/D
  _438_/D
  _441_/D
  _442_/D
  _446_/D
  _447_/D
  _450_/D
  _451_/D
  _454_/D
  _455_/D
  _458_/D
  _459_/D
  _462_/D
  _463_/D
