Clock: core_clock
Sources: clk 
Generated: no
Virtual: yes
Propagated: no
Period: 3.000000

===========================================================================
report_clock_properties
============================================================================
Clock                   Period          Waveform
----------------------------------------------------
core_clock            3.000000    0.000000  1.500000

===========================================================================
report_clock_latency
============================================================================
Clock core_clock
rise -> rise
    min     max
0.000000 0.000000 source latency
0.218605         network latency _424_/CLK
        0.223523 network latency _397_/CLK
---------------
0.218605 0.223523 latency
        0.004918 skew

fall -> fall
    min     max
0.000000 0.000000 source latency
0.224318         network latency _424_/CLK
        0.228448 network latency _397_/CLK
---------------
0.224318 0.228448 latency
        0.004130 skew



===========================================================================
report_clock_min_period
============================================================================
core_clock period_min = 0.83 fmax = 1207.42
